SF:lib\data\services\api\account_service.dart
DA:8,0
DA:9,0
DA:11,0
DA:12,0
DA:16,0
DA:17,0
DA:21,0
DA:25,0
DA:29,0
DA:33,0
DA:37,0
DA:45,0
DA:49,0
DA:50,0
DA:54,0
DA:58,0
DA:62,0
DA:66,0
DA:70,0
LF:19
LH:0
end_of_record
SF:lib\domain\models\account.dart
DA:11,2
LF:1
LH:1
end_of_record
SF:lib\ui\home\view_models\home_viewmodel.dart
DA:8,1
DA:67,2
DA:68,4
DA:69,2
DA:71,1
DA:72,2
DA:73,1
DA:76,1
DA:77,2
DA:78,1
DA:81,1
DA:82,2
DA:83,1
DA:84,1
DA:88,1
DA:89,2
DA:90,1
LF:17
LH:17
end_of_record
SF:lib\domain\models\transaction.dart
DA:11,1
LF:1
LH:1
end_of_record
SF:lib\ui\home\widgets\account_carousel.dart
DA:8,1
DA:10,1
DA:11,1
DA:18,1
DA:20,1
DA:21,2
DA:22,2
DA:23,1
DA:26,1
DA:29,1
DA:31,2
DA:32,1
DA:35,0
DA:36,0
DA:37,0
DA:38,0
DA:42,1
DA:44,1
DA:46,1
DA:48,1
DA:50,1
DA:51,1
DA:52,1
DA:54,2
DA:55,1
DA:56,2
DA:57,1
DA:58,2
DA:59,1
DA:62,1
DA:63,1
DA:72,1
DA:73,2
LF:33
LH:29
end_of_record
SF:lib\ui\home\widgets\card_item.dart
DA:12,1
DA:23,1
DA:24,5
DA:27,1
DA:28,2
DA:42,1
DA:44,1
DA:47,1
DA:49,1
DA:50,2
DA:51,1
DA:53,1
DA:56,1
DA:58,1
DA:59,1
DA:60,2
DA:68,2
DA:77,1
DA:78,1
DA:80,1
DA:81,1
DA:88,1
DA:90,1
DA:91,1
DA:92,2
DA:97,1
DA:98,1
DA:107,1
DA:109,0
DA:110,2
DA:116,1
DA:117,1
DA:118,1
DA:121,1
DA:122,1
DA:123,1
DA:129,1
DA:130,1
DA:132,1
DA:140,1
DA:141,3
DA:152,1
DA:153,1
DA:155,1
DA:163,1
DA:164,1
LF:46
LH:45
end_of_record
